<?xml version="1.0" encoding="UTF-8" ?>
<testsuite tests="13" failures="0" name="edu.louisiana.cacs.csce450Project.SanityCheck" time="0.012" errors="0" skipped="0">
  <properties>
    <property name="java.runtime.name" value="Java(TM) SE Runtime Environment"/>
    <property name="sun.boot.library.path" value="/Library/Java/JavaVirtualMachines/jdk1.8.0_20.jdk/Contents/Home/jre/lib"/>
    <property name="java.vm.version" value="25.20-b23"/>
    <property name="gopherProxySet" value="false"/>
    <property name="java.vm.vendor" value="Oracle Corporation"/>
    <property name="java.vendor.url" value="http://java.oracle.com/"/>
    <property name="path.separator" value=":"/>
    <property name="java.vm.name" value="Java HotSpot(TM) 64-Bit Server VM"/>
    <property name="file.encoding.pkg" value="sun.io"/>
    <property name="user.country" value="US"/>
    <property name="sun.java.launcher" value="SUN_STANDARD"/>
    <property name="sun.os.patch.level" value="unknown"/>
    <property name="java.vm.specification.name" value="Java Virtual Machine Specification"/>
    <property name="user.dir" value="/Users/maida/Desktop/450G_starter_code"/>
    <property name="java.runtime.version" value="1.8.0_20-b26"/>
    <property name="java.awt.graphicsenv" value="sun.awt.CGraphicsEnvironment"/>
    <property name="basedir" value="/Users/maida/Desktop/450G_starter_code"/>
    <property name="java.endorsed.dirs" value="/Library/Java/JavaVirtualMachines/jdk1.8.0_20.jdk/Contents/Home/jre/lib/endorsed"/>
    <property name="os.arch" value="x86_64"/>
    <property name="java.io.tmpdir" value="/var/folders/mw/z15gcqvn0474l1fpk4lr123h0000gn/T/"/>
    <property name="line.separator" value="
"/>
    <property name="java.vm.specification.vendor" value="Oracle Corporation"/>
    <property name="os.name" value="Mac OS X"/>
    <property name="sun.jnu.encoding" value="UTF-8"/>
    <property name="java.library.path" value="/Users/maida/Library/Java/Extensions:/Library/Java/Extensions:/Network/Library/Java/Extensions:/System/Library/Java/Extensions:/usr/lib/java:."/>
    <property name="java.specification.name" value="Java Platform API Specification"/>
    <property name="java.class.version" value="52.0"/>
    <property name="sun.management.compiler" value="HotSpot 64-Bit Tiered Compilers"/>
    <property name="os.version" value="10.9.5"/>
    <property name="http.nonProxyHosts" value="local|*.local|169.254/16|*.169.254/16"/>
    <property name="user.home" value="/Users/maida"/>
    <property name="user.timezone" value="America/Chicago"/>
    <property name="java.awt.printerjob" value="sun.lwawt.macosx.CPrinterJob"/>
    <property name="file.encoding" value="UTF-8"/>
    <property name="java.specification.version" value="1.8"/>
    <property name="user.name" value="maida"/>
    <property name="java.class.path" value="/Users/maida/.m2/repository/org/apache/maven/surefire/surefire-booter/2.0/surefire-booter-2.0.jar:/Users/maida/.m2/repository/org/apache/maven/surefire/surefire-api/2.0/surefire-api-2.0.jar:/Users/maida/.m2/repository/org/codehaus/plexus/plexus-utils/1.1/plexus-utils-1.1.jar"/>
    <property name="java.vm.specification.version" value="1.8"/>
    <property name="sun.arch.data.model" value="64"/>
    <property name="java.home" value="/Library/Java/JavaVirtualMachines/jdk1.8.0_20.jdk/Contents/Home/jre"/>
    <property name="sun.java.command" value="org.apache.maven.surefire.booter.SurefireBooter /var/folders/mw/z15gcqvn0474l1fpk4lr123h0000gn/T/surefire765568217136281327tmp /var/folders/mw/z15gcqvn0474l1fpk4lr123h0000gn/T/surefire8965218645942634121tmp"/>
    <property name="java.specification.vendor" value="Oracle Corporation"/>
    <property name="user.language" value="en"/>
    <property name="awt.toolkit" value="sun.lwawt.macosx.LWCToolkit"/>
    <property name="java.vm.info" value="mixed mode"/>
    <property name="java.version" value="1.8.0_20"/>
    <property name="java.ext.dirs" value="/Users/maida/Library/Java/Extensions:/Library/Java/JavaVirtualMachines/jdk1.8.0_20.jdk/Contents/Home/jre/lib/ext:/Library/Java/Extensions:/Network/Library/Java/Extensions:/System/Library/Java/Extensions:/usr/lib/java"/>
    <property name="sun.boot.class.path" value="/Library/Java/JavaVirtualMachines/jdk1.8.0_20.jdk/Contents/Home/jre/lib/resources.jar:/Library/Java/JavaVirtualMachines/jdk1.8.0_20.jdk/Contents/Home/jre/lib/rt.jar:/Library/Java/JavaVirtualMachines/jdk1.8.0_20.jdk/Contents/Home/jre/lib/sunrsasign.jar:/Library/Java/JavaVirtualMachines/jdk1.8.0_20.jdk/Contents/Home/jre/lib/jsse.jar:/Library/Java/JavaVirtualMachines/jdk1.8.0_20.jdk/Contents/Home/jre/lib/jce.jar:/Library/Java/JavaVirtualMachines/jdk1.8.0_20.jdk/Contents/Home/jre/lib/charsets.jar:/Library/Java/JavaVirtualMachines/jdk1.8.0_20.jdk/Contents/Home/jre/lib/jfr.jar:/Library/Java/JavaVirtualMachines/jdk1.8.0_20.jdk/Contents/Home/jre/classes"/>
    <property name="java.vendor" value="Oracle Corporation"/>
    <property name="localRepository" value="/Users/maida/.m2/repository"/>
    <property name="file.separator" value="/"/>
    <property name="java.vendor.url.bug" value="http://bugreport.sun.com/bugreport/"/>
    <property name="sun.cpu.endian" value="little"/>
    <property name="sun.io.unicode.encoding" value="UnicodeBig"/>
    <property name="socksNonProxyHosts" value="local|*.local|169.254/16|*.169.254/16"/>
    <property name="ftp.nonProxyHosts" value="local|*.local|169.254/16|*.169.254/16"/>
    <property name="sun.cpu.isalist" value=""/>
  </properties>
  <testcase name="edu.louisiana.cacs.csce450Project.SanityCheck.testAddTwo" time="0.003"/>
  <testcase name="edu.louisiana.cacs.csce450Project.SanityCheck.testSubTwo" time="0"/>
  <testcase name="edu.louisiana.cacs.csce450Project.SanityCheck.testMultTwo" time="0"/>
  <testcase name="edu.louisiana.cacs.csce450Project.SanityCheck.testDivide" time="0"/>
  <testcase name="edu.louisiana.cacs.csce450Project.SanityCheck.testDivideByZero" time="0"/>
  <testcase name="edu.louisiana.cacs.csce450Project.SanityCheck.testThatAssertTrueAndAssertFalseWork" time="0"/>
  <testcase name="edu.louisiana.cacs.csce450Project.SanityCheck.testThatHamcrestVersionsOfAssertTrueFalseWork" time="0.004"/>
  <testcase name="edu.louisiana.cacs.csce450Project.SanityCheck.testThatAssertEqualsWorks" time="0"/>
  <testcase name="edu.louisiana.cacs.csce450Project.SanityCheck.testThatHamcrestVersionOfAssertEqualsWorks" time="0"/>
  <testcase name="edu.louisiana.cacs.csce450Project.SanityCheck.testThatAssertSameAndAssertNotSameWork" time="0"/>
  <testcase name="edu.louisiana.cacs.csce450Project.SanityCheck.testThatHamcrestVersionOfAssertSameAndAssertNotSameWork" time="0.001"/>
  <testcase name="edu.louisiana.cacs.csce450Project.SanityCheck.testThatAssertNullAndAssertNotNullWork" time="0"/>
  <testcase name="edu.louisiana.cacs.csce450Project.SanityCheck.testThatHamcrestVersionOfAssertNullAndNotNullWork" time="0"/>
</testsuite>